# This file was automatically created by FeynRules 2.3.49
# Mathematica version: 14.0.0 for Microsoft Windows (64-bit) (December 13, 2023)
# Date: Mon 6 Oct 2025 14:58:04


# 
# This is the logfile for the model myPions-Pion-Nucleon

# Authors: 
# Model version: 
# Checking the Quantum numbers
   * Electric charge defined.
# Checking the Lagrangians
   * All Lagrangians are ok.
#
# Particle definitions
#

   * No particles removed. All particles correspond to GenInt setup.

# Automatically assigned PDG numbers
   * Assigned PDG number 9000001 to particle ghA
   * Assigned PDG number 9000002 to particle ghZ
   * Assigned PDG number 9000003 to particle ghWp
   * Assigned PDG number 9000004 to particle ghWm


# Compulsory PDG codes:
   * Class SM leptons complete.
   * Class SM neutrinos complete.
   * Class SM quarks incomplete. 1, 2, 3, 4, 5, 6 missing.
   * Class SM gauge bosons incomplete. 21 missing.
#
# Parameter definitions
#

   * All parameters are ok.


# Vertices
   * Calling FeynmanRules for 1 Lagrangians.
   * Number of classes vertices: 308
   * Number of flavored vertices: 308
   * Saved vertices in InterfaceRun[ 2 ].
   * Checked QNumber conservation.
      - Quantum number BaryonNumber conserved in all vertices.
      - Quantum number GhostNumber conserved in all vertices.
      - Quantum number LeptonNumber conserved in all vertices.
      - Quantum number Q conserved in all vertices.
      - Quantum number Y conserved in all vertices.
   * particles.py written.
   * parameters.py written.
#
# Vertex definitions
#

   * 308 vertices written.
   * vertices.py written.
#
# Lorentz structure definitions
#

   * 67 lorentz structures written.
   * lorentz.py written.
#
# Coupling definitions
#

   * 446 couplings written.
   * couplings.py written.
#
# Coupling order definitions
#

   * 0 couplings orders written.
   * coupling_orders.py written.
#
# CTCoupling definitions
#

   * 0 CTcouplings written.
   * CT_couplings.py written.
